Arguments: 
  /Users/magarohas/.nvm/versions/node/v12.22.0/bin/node /Users/magarohas/.nvm/versions/node/v12.22.0/bin/yarn init -T

PATH: 
  /Users/magarohas/.rvm/gems/ruby-3.0.2/bin:/Users/magarohas/.rvm/gems/ruby-3.0.2@global/bin:/Users/magarohas/.rvm/rubies/ruby-3.0.2/bin:/usr/local/opt/openssl@1.1/bin:/usr/local/sbin:/Users/magarohas/.nvm/versions/node/v12.22.0/bin:/usr/local/bin:/usr/bin:/bin:/usr/sbin:/sbin:/usr/local/mysql/bin:/Library/Apple/usr/bin:/Users/magarohas/.rvm/bin

Yarn version: 
  1.22.10

Node version: 
  12.22.0

Platform: 
  darwin x64

Trace: 
  Error: canceled
      at Interface.<anonymous> (/Users/magarohas/.nvm/versions/node/v12.22.0/lib/node_modules/yarn/lib/cli.js:136216:13)
      at Interface.emit (events.js:314:20)
      at Interface._ttyWrite (readline.js:868:16)
      at ReadStream.onkeypress (readline.js:205:10)
      at ReadStream.emit (events.js:314:20)
      at emitKeys (internal/readline/utils.js:335:14)
      at emitKeys.next (<anonymous>)
      at ReadStream.onData (readline.js:1137:36)
      at ReadStream.emit (events.js:314:20)
      at addChunk (_stream_readable.js:297:12)

npm manifest: 
  No manifest

yarn manifest: 
  No manifest

Lockfile: 
  No lockfile
